2025-10-26 21:30:11,185 - INFO - Загружаем данные Крассулы из файла: /Users/mihailserkin/Desktop/ПРОГА/топливо/15.10.2025 11_24_18 Отчёт о транзакциях.xlsx
2025-10-26 21:30:11,851 - INFO - Загружено 740 записей из Крассулы
2025-10-26 21:30:11,852 - INFO - Загружаем данные ГЛОНАСС из файла: /Users/mihailserkin/Desktop/ПРОГА/топливо/Все_ТС-ИП_Серкин_9)_Групповой_отчет_по_заправкам_и_сливам_15.10.2025_12-26-52.xlsx
2025-10-26 21:30:13,550 - INFO - Загружено 2351 записей заправок из ГЛОНАСС
2025-10-26 21:30:13,552 - INFO - Загружено 1157 записей сливов из ГЛОНАСС
2025-10-26 21:30:13,555 - INFO - Загружаем соответствия карт и машин из файла: /Users/mihailserkin/Desktop/ПРОГА/топливо/топливные карты по машинам.xlsx
2025-10-26 21:30:13,564 - INFO - Загружено 52 соответствий карт и автомобилей
2025-10-26 21:30:13,564 - INFO - Обработано 23 уникальных машин
2025-10-26 21:30:13,565 - INFO - Начинаем сопоставление заправок...
2025-10-26 21:30:13,613 - INFO - Сопоставление завершено для 0 автомобилей
2025-10-26 21:30:29,744 - INFO - Загружаем данные Крассулы из файла: /Users/mihailserkin/Desktop/ПРОГА/топливо/15.10.2025 11_24_18 Отчёт о транзакциях.xlsx
2025-10-26 21:30:30,396 - INFO - Загружено 740 записей из Крассулы
2025-10-26 21:30:30,397 - INFO - Загружаем данные ГЛОНАСС из файла: /Users/mihailserkin/Desktop/ПРОГА/топливо/Все_ТС-ИП_Серкин_9)_Групповой_отчет_по_заправкам_и_сливам_15.10.2025_12-26-52.xlsx
2025-10-26 21:30:32,086 - INFO - Загружено 2351 записей заправок из ГЛОНАСС
2025-10-26 21:30:32,088 - INFO - Загружено 1157 записей сливов из ГЛОНАСС
2025-10-26 21:30:32,092 - INFO - Загружаем соответствия карт и машин из файла: /Users/mihailserkin/Desktop/ПРОГА/топливо/топливные карты по машинам.xlsx
2025-10-26 21:30:32,101 - INFO - Загружено 52 соответствий карт и автомобилей
2025-10-26 21:30:32,101 - INFO - Обработано 23 уникальных машин
2025-10-26 21:30:32,101 - INFO - Начинаем сопоставление заправок...
2025-10-26 21:30:32,150 - INFO - Сопоставление завершено для 0 автомобилей
2025-10-26 21:30:32,151 - INFO - Создаем Excel отчет: тест_отчет_расход_топлива.xlsx
2025-10-26 21:30:32,382 - INFO - Excel отчет успешно создан
2025-10-26 22:40:49,413 - INFO - Загружаем данные Крассулы из файла: топливо/15.10.2025 11_24_18 Отчёт о транзакциях.xlsx
2025-10-26 22:40:50,082 - INFO - Загружено 740 записей из Крассулы
2025-10-26 22:40:50,082 - INFO - Загружаем данные ГЛОНАСС из файла: топливо/Все_ТС-ИП_Серкин_9)_Групповой_отчет_по_заправкам_и_сливам_15.10.2025_12-26-52.xlsx
2025-10-26 22:40:51,755 - INFO - Загружено 2351 записей заправок из ГЛОНАСС
2025-10-26 22:40:51,757 - INFO - Загружено 1157 записей сливов из ГЛОНАСС
2025-10-26 22:40:51,760 - INFO - Загружаем соответствия карт и машин из файла: топливо/топливные карты по машинам.xlsx
2025-10-26 22:40:51,767 - INFO - Загружено 52 соответствий карт и автомобилей
2025-10-26 22:40:51,767 - INFO - Обработано 23 уникальных машин
2025-10-26 22:40:51,767 - INFO - Начинаем сопоставление заправок...
2025-10-26 22:40:51,815 - INFO - Сопоставление завершено для 0 автомобилей
2025-10-26 22:40:51,815 - INFO - Создаем Excel отчет: новый_отчет_расход_топлива.xlsx
2025-10-26 22:40:52,020 - INFO - Excel отчет успешно создан
2025-10-26 22:43:59,849 - INFO - Загружаем данные Крассулы из файла: /Users/mihailserkin/Desktop/ПРОГА/топливо/15.10.2025 11_24_18 Отчёт о транзакциях.xlsx
2025-10-26 22:44:00,592 - INFO - Загружено 740 записей из Крассулы
2025-10-26 22:44:00,592 - INFO - Загружаем данные ГЛОНАСС из файла: /Users/mihailserkin/Desktop/ПРОГА/топливо/Все_ТС-ИП_Серкин_9)_Групповой_отчет_по_заправкам_и_сливам_15.10.2025_12-26-52.xlsx
2025-10-26 22:44:02,210 - INFO - Загружено 2351 записей заправок из ГЛОНАСС
2025-10-26 22:44:02,212 - INFO - Загружено 1157 записей сливов из ГЛОНАСС
2025-10-26 22:44:02,214 - INFO - Загружаем соответствия карт и машин из файла: /Users/mihailserkin/Desktop/ПРОГА/топливо/топливные карты по машинам.xlsx
2025-10-26 22:44:02,222 - INFO - Загружено 52 соответствий карт и автомобилей
2025-10-26 22:44:02,222 - INFO - Обработано 23 уникальных машин
2025-10-26 22:44:02,222 - INFO - Начинаем сопоставление заправок...
2025-10-26 22:44:02,273 - INFO - Сопоставление завершено для 0 автомобилей
2025-10-26 22:44:02,274 - INFO - Начинаем расчет расхода топлива...
2025-10-26 22:44:02,274 - INFO - Расчет расхода завершен для 0 автомобилей
2025-10-26 22:44:02,274 - INFO - Создаем Excel отчет: отчет_расход_топлива.xlsx
2025-10-26 22:44:02,485 - INFO - Excel отчет успешно создан
2025-10-26 22:48:05,519 - INFO - Загружаем данные Крассулы из файла: топливо/15.10.2025 11_24_18 Отчёт о транзакциях.xlsx
2025-10-26 22:48:06,258 - INFO - Загружено 740 записей из Крассулы
2025-10-26 22:48:06,258 - INFO - Загружаем соответствия карт и машин из файла: топливо/топливные карты по машинам.xlsx
2025-10-26 22:48:06,266 - INFO - Загружено 52 соответствий карт и автомобилей
2025-10-26 22:48:06,266 - INFO - Обработано 23 уникальных машин
