2025-10-25 12:38:52,096 - INFO - Загружаем данные Крассулы из файла: топливо/15.10.2025 11_24_18 Отчёт о транзакциях.xlsx
2025-10-25 12:38:52,594 - ERROR - Отсутствуют необходимые колонки: ['Коментарий']
2025-10-25 12:39:15,468 - INFO - Загружаем данные Крассулы из файла: топливо/15.10.2025 11_24_18 Отчёт о транзакциях.xlsx
2025-10-25 12:39:15,947 - INFO - Загружено 740 записей из Крассулы
2025-10-25 12:39:29,481 - INFO - Загружаем данные Крассулы из файла: топливо/15.10.2025 11_24_18 Отчёт о транзакциях.xlsx
2025-10-25 12:39:29,951 - INFO - Загружено 740 записей из Крассулы
2025-10-25 12:39:29,952 - INFO - Загружаем данные ГЛОНАСС из файла: топливо/Все_ТС-ИП_Серкин_9)_Групповой_отчет_по_заправкам_и_сливам_15.10.2025_12-26-52.xlsx
2025-10-25 12:39:30,339 - ERROR - Ошибка при загрузке данных ГЛОНАСС: Unable to parse datetime string: -----, at position 0
2025-10-25 12:39:45,656 - INFO - Загружаем данные Крассулы из файла: топливо/15.10.2025 11_24_18 Отчёт о транзакциях.xlsx
2025-10-25 12:39:46,123 - INFO - Загружено 740 записей из Крассулы
2025-10-25 12:39:46,123 - INFO - Загружаем данные ГЛОНАСС из файла: топливо/Все_ТС-ИП_Серкин_9)_Групповой_отчет_по_заправкам_и_сливам_15.10.2025_12-26-52.xlsx
2025-10-25 12:39:46,532 - INFO - Загружено 2376 записей заправок из ГЛОНАСС
2025-10-25 12:39:46,533 - INFO - Загружено 1157 записей сливов из ГЛОНАСС
2025-10-25 12:39:46,535 - INFO - Загружено 5 соответствий карт и автомобилей
2025-10-25 12:39:46,535 - INFO - Начинаем сопоставление заправок...
2025-10-25 12:39:46,582 - INFO - Сопоставление завершено для 5 автомобилей
2025-10-25 12:39:46,582 - INFO - Создаем Excel отчет: test_report.xlsx
2025-10-25 12:39:46,743 - INFO - Excel отчет успешно создан
2025-10-25 12:40:20,849 - INFO - Загружаем данные Крассулы из файла: топливо/15.10.2025 11_24_18 Отчёт о транзакциях.xlsx
2025-10-25 12:40:21,512 - INFO - Загружено 740 записей из Крассулы
2025-10-25 12:40:21,513 - INFO - Загружаем данные ГЛОНАСС из файла: топливо/Все_ТС-ИП_Серкин_9)_Групповой_отчет_по_заправкам_и_сливам_15.10.2025_12-26-52.xlsx
2025-10-25 12:40:21,925 - ERROR - Ошибка при загрузке данных ГЛОНАСС: Unknown datetime string format, unable to parse: None 09:53:24, at position 0
2025-10-25 12:40:48,565 - INFO - Загружаем данные Крассулы из файла: топливо/15.10.2025 11_24_18 Отчёт о транзакциях.xlsx
2025-10-25 12:40:49,220 - INFO - Загружено 740 записей из Крассулы
2025-10-25 12:40:49,220 - INFO - Загружаем данные ГЛОНАСС из файла: топливо/Все_ТС-ИП_Серкин_9)_Групповой_отчет_по_заправкам_и_сливам_15.10.2025_12-26-52.xlsx
2025-10-25 12:40:49,634 - ERROR - Ошибка при загрузке данных ГЛОНАСС: time data "2025-03-22 23.03.2025 00:02:55" doesn't match format "%Y-%m-%d %H:%M:%S", at position 66. You might want to try:
    - passing `format` if your strings have a consistent format;
    - passing `format='ISO8601'` if your strings are all ISO8601 but not necessarily in exactly the same format;
    - passing `format='mixed'`, and the format will be inferred for each element individually. You might want to use `dayfirst` alongside this.
2025-10-25 12:40:57,452 - INFO - Загружаем данные Крассулы из файла: топливо/15.10.2025 11_24_18 Отчёт о транзакциях.xlsx
2025-10-25 12:40:58,033 - INFO - Загружено 740 записей из Крассулы
2025-10-25 12:40:58,033 - INFO - Загружаем данные ГЛОНАСС из файла: топливо/Все_ТС-ИП_Серкин_9)_Групповой_отчет_по_заправкам_и_сливам_15.10.2025_12-26-52.xlsx
2025-10-25 12:40:58,450 - INFO - Загружено 2351 записей заправок из ГЛОНАСС
2025-10-25 12:40:58,451 - INFO - Загружено 1157 записей сливов из ГЛОНАСС
2025-10-25 12:40:58,452 - INFO - Загружено 0 соответствий карт и автомобилей
2025-10-25 12:40:58,452 - INFO - Начинаем сопоставление заправок...
2025-10-25 12:41:26,475 - INFO - Загружаем данные Крассулы из файла: топливо/15.10.2025 11_24_18 Отчёт о транзакциях.xlsx
2025-10-25 12:41:27,069 - INFO - Загружено 740 записей из Крассулы
2025-10-25 12:41:27,069 - INFO - Загружаем данные ГЛОНАСС из файла: топливо/Все_ТС-ИП_Серкин_9)_Групповой_отчет_по_заправкам_и_сливам_15.10.2025_12-26-52.xlsx
2025-10-25 12:41:27,492 - INFO - Загружено 2351 записей заправок из ГЛОНАСС
2025-10-25 12:41:27,494 - INFO - Загружено 1157 записей сливов из ГЛОНАСС
2025-10-25 12:41:27,494 - INFO - Загружено 1 соответствий карт и автомобилей
2025-10-25 12:41:27,494 - INFO - Начинаем сопоставление заправок...
2025-10-25 12:41:27,671 - INFO - Сопоставление завершено для 1 автомобилей
2025-10-25 12:41:27,671 - INFO - Создаем Excel отчет: демо_отчет_расход_топлива.xlsx
2025-10-25 12:41:27,866 - INFO - Excel отчет успешно создан
2025-10-25 14:04:13,459 - INFO - Загружаем данные Крассулы из файла: топливо/15.10.2025 11_24_18 Отчёт о транзакциях.xlsx
2025-10-25 14:04:14,110 - INFO - Загружено 740 записей из Крассулы
2025-10-25 14:04:14,110 - INFO - Загружаем данные ГЛОНАСС из файла: топливо/Все_ТС-ИП_Серкин_9)_Групповой_отчет_по_заправкам_и_сливам_15.10.2025_12-26-52.xlsx
2025-10-25 14:04:14,532 - INFO - Загружено 2351 записей заправок из ГЛОНАСС
2025-10-25 14:04:14,534 - INFO - Загружено 1157 записей сливов из ГЛОНАСС
2025-10-25 14:04:14,535 - INFO - Загружаем соответствия карт и машин из файла: топливо/топливные карты по машинам.xlsx
2025-10-25 14:04:14,542 - INFO - Загружено 52 соответствий карт и автомобилей
2025-10-25 14:04:14,543 - INFO - Обработано 23 уникальных машин
2025-10-25 14:04:14,543 - INFO - Начинаем сопоставление заправок...
2025-10-25 14:04:14,590 - INFO - Сопоставление завершено для 0 автомобилей
2025-10-25 14:04:14,590 - INFO - Создаем Excel отчет: демо_отчет_расход_топлива.xlsx
2025-10-25 14:04:14,792 - INFO - Excel отчет успешно создан
2025-10-25 14:04:45,743 - INFO - Загружаем данные Крассулы из файла: топливо/15.10.2025 11_24_18 Отчёт о транзакциях.xlsx
2025-10-25 14:04:46,322 - INFO - Загружено 740 записей из Крассулы
2025-10-25 14:04:46,322 - INFO - Загружаем данные ГЛОНАСС из файла: топливо/Все_ТС-ИП_Серкин_9)_Групповой_отчет_по_заправкам_и_сливам_15.10.2025_12-26-52.xlsx
2025-10-25 14:04:46,751 - INFO - Загружено 2351 записей заправок из ГЛОНАСС
2025-10-25 14:04:46,753 - INFO - Загружено 1157 записей сливов из ГЛОНАСС
2025-10-25 14:04:46,754 - INFO - Загружаем соответствия карт и машин из файла: топливо/топливные карты по машинам.xlsx
2025-10-25 14:04:46,761 - INFO - Загружено 52 соответствий карт и автомобилей
2025-10-25 14:04:46,761 - INFO - Обработано 23 уникальных машин
2025-10-25 14:04:46,762 - INFO - Начинаем сопоставление заправок...
2025-10-25 14:04:46,814 - INFO - Сопоставление завершено для 0 автомобилей
2025-10-25 14:04:46,814 - INFO - Создаем Excel отчет: демо_отчет_расход_топлива.xlsx
2025-10-25 14:04:47,008 - INFO - Excel отчет успешно создан
2025-10-25 14:05:57,158 - INFO - Загружаем данные Крассулы из файла: топливо/15.10.2025 11_24_18 Отчёт о транзакциях.xlsx
2025-10-25 14:05:57,773 - INFO - Загружено 740 записей из Крассулы
2025-10-25 14:05:57,774 - INFO - Загружаем данные ГЛОНАСС из файла: топливо/Все_ТС-ИП_Серкин_9)_Групповой_отчет_по_заправкам_и_сливам_15.10.2025_12-26-52.xlsx
2025-10-25 14:05:58,196 - INFO - Загружено 2351 записей заправок из ГЛОНАСС
2025-10-25 14:05:58,197 - INFO - Загружено 1157 записей сливов из ГЛОНАСС
2025-10-25 14:05:58,198 - INFO - Загружаем соответствия карт и машин из файла: топливо/топливные карты по машинам.xlsx
2025-10-25 14:05:58,205 - INFO - Загружено 52 соответствий карт и автомобилей
2025-10-25 14:05:58,205 - INFO - Обработано 23 уникальных машин
2025-10-25 14:05:58,206 - INFO - Начинаем сопоставление заправок...
2025-10-25 14:05:58,248 - INFO - Сопоставление завершено для 0 автомобилей
2025-10-25 14:05:58,249 - INFO - Создаем Excel отчет: демо_отчет_расход_топлива.xlsx
2025-10-25 14:05:58,449 - INFO - Excel отчет успешно создан
2025-10-25 14:07:19,960 - INFO - Загружаем данные Крассулы из файла: топливо/15.10.2025 11_24_18 Отчёт о транзакциях.xlsx
2025-10-25 14:07:20,546 - INFO - Загружено 740 записей из Крассулы
2025-10-25 14:07:20,546 - INFO - Загружаем данные ГЛОНАСС из файла: топливо/Все_ТС-ИП_Серкин_9)_Групповой_отчет_по_заправкам_и_сливам_15.10.2025_12-26-52.xlsx
2025-10-25 14:07:20,968 - INFO - Загружено 0 записей заправок из ГЛОНАСС
2025-10-25 14:07:20,971 - INFO - Загружено 1157 записей сливов из ГЛОНАСС
2025-10-25 14:07:44,208 - INFO - Загружаем данные ГЛОНАСС из файла: топливо/Все_ТС-ИП_Серкин_9)_Групповой_отчет_по_заправкам_и_сливам_15.10.2025_12-26-52.xlsx
2025-10-25 14:07:44,811 - INFO - Загружено 0 записей заправок из ГЛОНАСС
2025-10-25 14:07:44,813 - INFO - Загружено 1157 записей сливов из ГЛОНАСС
2025-10-25 14:08:13,573 - INFO - Загружаем данные ГЛОНАСС из файла: топливо/Все_ТС-ИП_Серкин_9)_Групповой_отчет_по_заправкам_и_сливам_15.10.2025_12-26-52.xlsx
2025-10-25 14:08:14,128 - INFO - Загружено 0 записей заправок из ГЛОНАСС
2025-10-25 14:08:14,130 - INFO - Загружено 1157 записей сливов из ГЛОНАСС
2025-10-25 14:09:22,063 - INFO - Загружаем данные Крассулы из файла: топливо/15.10.2025 11_24_18 Отчёт о транзакциях.xlsx
2025-10-25 14:09:22,677 - INFO - Загружено 740 записей из Крассулы
2025-10-25 14:09:22,677 - INFO - Загружаем данные ГЛОНАСС из файла: топливо/Все_ТС-ИП_Серкин_9)_Групповой_отчет_по_заправкам_и_сливам_15.10.2025_12-26-52.xlsx
2025-10-25 14:09:24,891 - INFO - Загружено 2351 записей заправок из ГЛОНАСС
2025-10-25 14:09:24,894 - INFO - Загружено 1157 записей сливов из ГЛОНАСС
2025-10-25 14:09:24,898 - INFO - Загружаем соответствия карт и машин из файла: топливо/топливные карты по машинам.xlsx
2025-10-25 14:09:24,913 - INFO - Загружено 52 соответствий карт и автомобилей
2025-10-25 14:09:24,913 - INFO - Обработано 23 уникальных машин
2025-10-25 14:09:24,913 - INFO - Начинаем сопоставление заправок...
2025-10-25 14:09:24,964 - INFO - Сопоставление завершено для 0 автомобилей
2025-10-25 14:09:24,964 - INFO - Создаем Excel отчет: демо_отчет_расход_топлива.xlsx
2025-10-25 14:09:25,193 - INFO - Excel отчет успешно создан
2025-10-25 14:11:35,930 - INFO - Загружаем данные Крассулы из файла: топливо/15.10.2025 11_24_18 Отчёт о транзакциях.xlsx
2025-10-25 14:11:36,644 - INFO - Загружено 740 записей из Крассулы
2025-10-25 14:11:36,644 - INFO - Загружаем данные ГЛОНАСС из файла: топливо/Все_ТС-ИП_Серкин_9)_Групповой_отчет_по_заправкам_и_сливам_15.10.2025_12-26-52.xlsx
2025-10-25 14:11:38,368 - INFO - Загружено 2351 записей заправок из ГЛОНАСС
2025-10-25 14:11:38,370 - INFO - Загружено 1157 записей сливов из ГЛОНАСС
2025-10-25 14:11:38,373 - INFO - Загружаем соответствия карт и машин из файла: топливо/топливные карты по машинам.xlsx
2025-10-25 14:11:38,381 - INFO - Загружено 52 соответствий карт и автомобилей
2025-10-25 14:11:38,381 - INFO - Обработано 23 уникальных машин
2025-10-25 14:11:38,382 - INFO - Начинаем сопоставление заправок...
2025-10-25 14:11:38,427 - INFO - Сопоставление завершено для 0 автомобилей
2025-10-25 14:11:38,428 - INFO - Создаем Excel отчет: финальный_отчет_расход_топлива.xlsx
2025-10-25 14:11:38,644 - INFO - Excel отчет успешно создан
2025-10-25 14:19:22,101 - INFO - Загружаем данные Крассулы из файла: топливо/15.10.2025 11_24_18 Отчёт о транзакциях.xlsx
2025-10-25 14:19:22,765 - INFO - Загружено 740 записей из Крассулы
2025-10-25 14:19:22,765 - INFO - Загружаем данные ГЛОНАСС из файла: топливо/Все_ТС-ИП_Серкин_9)_Групповой_отчет_по_заправкам_и_сливам_15.10.2025_12-26-52.xlsx
2025-10-25 14:19:25,100 - INFO - Загружено 2351 записей заправок из ГЛОНАСС
2025-10-25 14:19:25,110 - INFO - Загружено 1157 записей сливов из ГЛОНАСС
2025-10-25 14:19:25,126 - INFO - Загружаем соответствия карт и машин из файла: топливо/топливные карты по машинам.xlsx
2025-10-25 14:19:25,178 - INFO - Загружено 52 соответствий карт и автомобилей
2025-10-25 14:19:25,179 - INFO - Обработано 23 уникальных машин
2025-10-25 14:19:25,184 - INFO - Начинаем сопоставление заправок...
2025-10-25 14:19:25,304 - INFO - Сопоставление завершено для 0 автомобилей
2025-10-25 14:19:25,306 - INFO - Создаем Excel отчет: финальный_отчет_расход_топлива.xlsx
2025-10-25 14:19:25,823 - INFO - Excel отчет успешно создан
2025-10-25 14:22:07,584 - INFO - Загружаем данные Крассулы из файла: топливо/15.10.2025 11_24_18 Отчёт о транзакциях.xlsx
2025-10-25 14:22:08,259 - INFO - Загружено 740 записей из Крассулы
2025-10-25 14:22:08,259 - INFO - Загружаем данные ГЛОНАСС из файла: топливо/Все_ТС-ИП_Серкин_9)_Групповой_отчет_по_заправкам_и_сливам_15.10.2025_12-26-52.xlsx
2025-10-25 14:22:10,033 - INFO - Загружено 2351 записей заправок из ГЛОНАСС
2025-10-25 14:22:10,036 - INFO - Загружено 1157 записей сливов из ГЛОНАСС
2025-10-25 14:22:10,041 - INFO - Загружаем соответствия карт и машин из файла: топливо/топливные карты по машинам.xlsx
2025-10-25 14:22:10,050 - INFO - Загружено 52 соответствий карт и автомобилей
2025-10-25 14:22:10,050 - INFO - Обработано 23 уникальных машин
2025-10-25 14:22:10,050 - INFO - Начинаем сопоставление заправок...
2025-10-25 14:22:10,096 - INFO - Сопоставление завершено для 0 автомобилей
2025-10-25 14:22:10,097 - INFO - Создаем Excel отчет: финальный_отчет_расход_топлива.xlsx
2025-10-25 14:22:10,319 - INFO - Excel отчет успешно создан
2025-10-25 14:22:49,354 - INFO - Загружаем данные Крассулы из файла: топливо/15.10.2025 11_24_18 Отчёт о транзакциях.xlsx
2025-10-25 14:22:50,023 - INFO - Загружено 740 записей из Крассулы
2025-10-25 14:22:50,023 - INFO - Загружаем данные ГЛОНАСС из файла: топливо/Все_ТС-ИП_Серкин_9)_Групповой_отчет_по_заправкам_и_сливам_15.10.2025_12-26-52.xlsx
2025-10-25 14:22:51,716 - INFO - Загружено 2351 записей заправок из ГЛОНАСС
2025-10-25 14:22:51,718 - INFO - Загружено 1157 записей сливов из ГЛОНАСС
2025-10-25 14:22:51,722 - INFO - Загружаем соответствия карт и машин из файла: топливо/топливные карты по машинам.xlsx
2025-10-25 14:22:51,730 - INFO - Загружено 52 соответствий карт и автомобилей
2025-10-25 14:22:51,730 - INFO - Обработано 23 уникальных машин
2025-10-25 14:22:51,731 - INFO - Начинаем сопоставление заправок...
2025-10-25 14:22:51,776 - INFO - Сопоставление завершено для 0 автомобилей
2025-10-25 14:22:51,776 - INFO - Создаем Excel отчет: финальный_отчет_расход_топлива.xlsx
2025-10-25 14:22:52,025 - INFO - Excel отчет успешно создан
2025-10-25 14:24:18,826 - INFO - Загружаем данные Крассулы из файла: топливо/15.10.2025 11_24_18 Отчёт о транзакциях.xlsx
2025-10-25 14:24:19,468 - INFO - Загружено 740 записей из Крассулы
2025-10-25 14:31:17,690 - INFO - Загружаем данные Крассулы из файла: топливо/15.10.2025 11_24_18 Отчёт о транзакциях.xlsx
2025-10-25 14:31:18,340 - INFO - Загружено 740 записей из Крассулы
2025-10-25 14:31:18,340 - INFO - Загружаем данные ГЛОНАСС из файла: топливо/Все_ТС-ИП_Серкин_9)_Групповой_отчет_по_заправкам_и_сливам_15.10.2025_12-26-52.xlsx
2025-10-25 14:31:20,013 - INFO - Загружено 2351 записей заправок из ГЛОНАСС
2025-10-25 14:31:20,015 - INFO - Загружено 1157 записей сливов из ГЛОНАСС
2025-10-25 14:31:20,017 - INFO - Загружаем соответствия карт и машин из файла: топливо/топливные карты по машинам.xlsx
2025-10-25 14:31:20,027 - INFO - Загружено 52 соответствий карт и автомобилей
2025-10-25 14:31:20,027 - INFO - Обработано 23 уникальных машин
